  5.25
  9.02
  7.77
  9.07
  8.00
  8.77
  9.00
  9.07
  9.27
  9.00
  9.55
  8.84
  9.00
  9.57
  9.25
  9.55
  9.30
  9.02
  8.50
  9.05
  9.30
  9.55
  9.00
  9.09
  8.75
  9.52
  9.52
  8.79
  9.11
 10.00
  9.02
  8.54
  9.07
  9.25
  8.73
  8.82
  8.52
  8.77
  8.56
  9.05
  8.79
  7.75
  8.31
  8.50
  8.31
  8.56
  8.04
  8.00
  7.79
  7.54
  7.77
  7.79
  7.54
  7.02
  8.04
  7.79
  7.25
  6.57
  6.53
  6.55
  6.28
  6.05
  6.52
  5.76
  6.03
  6.82
  6.52
  7.29
  6.78
  7.00
  7.04
  7.29
  6.75
  7.05
  6.75
  7.00
  7.05
  6.78
  6.75
  7.00
  7.05
  6.50
  6.52
  6.52
  6.52
  6.57
  6.52
  6.53
  6.52
  6.31
  6.53
  6.52
  6.52
  6.28
  6.27
  5.50
  5.76
  5.79
  5.79
  6.78
  6.28
  6.50
  6.52
  6.28
  6.27
  6.28
  6.27
  6.28
  6.02
  6.52
  6.27
  6.31
  5.76
  6.35
  6.25
  6.28
  6.27
  5.99
  6.00
  6.05
  6.23
  5.78
  6.28
  5.79
  5.78
  5.76
  6.03
  6.05
  5.78
  5.78
  5.53
  5.04
  5.28
  5.03
  5.26
  5.03
  5.28
  5.04
  5.26
  5.04
  5.03
  4.79
  5.03
  5.53
  5.01
  5.28
  4.79
  5.56
  5.05
  5.22
  5.03
  4.77
  5.28
  4.79
  5.28
  5.04
  4.79
  5.29
  5.01
  5.01
  5.04
  4.77
  5.04
  4.74
  5.32
  5.51
  5.28
  5.51
  5.54
  5.28
  5.51
  5.53
  5.81
  5.26
  5.78
  5.04
  5.78
  5.28
  5.29
  5.03
  5.29
  6.02
  5.03
  4.76
  5.29
  5.04
  5.26
  4.52
  5.28
  5.05
  5.00
  5.05
  5.00
  5.04
  5.03
  4.79
  5.25
  4.28
  5.29
  4.50
  4.02
  3.75
  4.58
  4.71
  5.05
  4.79
  5.00
  5.04
  4.53
  5.03
  4.77
  4.79
  4.77
  4.80
  5.76
  4.51
  4.56
  5.53
  5.00
  4.76
  5.05
  4.76
  4.79
  5.03
  4.80
  5.00
  4.52
  5.04
  4.76
  4.80
  4.76
  4.79
  5.26
  5.51
  4.79
  4.79
  4.77
  5.33
  5.24
  5.53
  5.26
  5.56
  5.78
  5.04
  5.03
  5.03
  5.56
  5.49
  5.29
  5.30
  5.51
  5.28
  5.26
  5.25
  5.30
  5.51
  5.04
  5.28
  5.51
  5.26
  5.32
  5.56
  5.53
  5.47
  5.14
  5.19
  5.28
  4.79
  4.77
  4.76
  4.53
  4.76
  4.79
  4.55
  5.34
  5.29
  5.28
  5.42
  5.05
  5.53
  5.53
  5.25
  5.53
  4.79
  5.01
  5.53
  5.28
  5.05
  5.54
  5.28
  5.29
  5.26
  5.53
  4.75
  5.28
  5.04
  5.10
  5.21
  5.04
  5.06
  5.49
  5.32
  5.47
  5.06
  5.00
  5.29
  5.29
  5.28
  5.28
  5.00
  5.29
  5.00
  5.04
  5.01
  5.54
  5.28
  5.03
  5.30
  4.90
  5.26
  5.38
  5.12
  5.22
  5.87
  4.78
  5.03
  5.03
  4.79
  5.05
  5.56
  5.26
  5.00
  5.04
  4.53
  4.74
  4.79
  4.80
  4.48
  4.79
  4.56
  4.74
  4.80
  4.79
  4.53
  4.49
  4.80
  4.49
  4.56
  4.79
  4.53
  4.49
  4.82
  4.79
  4.52
  4.76
  4.52
  4.51
  4.51
  4.52
  4.77
  4.55
  4.77
  4.53
  4.50
  4.51
  4.79
  4.76
  4.56
  4.79
  4.52
  4.77
  4.53
  5.01
  4.50
  4.58
  4.76
  4.76
  4.36
  4.68
  5.05
  4.99
  5.04
  5.29
  5.14
  5.03
  4.96
  5.22
  5.28
  5.00
  5.03
  5.05
  5.65
  4.47
  5.40
  5.16
  5.30
  5.03
  5.01
  5.04
  5.40
  5.04
  4.94
  5.06
  5.28
  4.98
  5.03
  4.76
  5.33
  4.99
  5.04
  5.00
  5.05
  5.04
  5.03
  5.03
  5.14
  5.30
  4.67
  4.52
  4.56
  4.76
  4.49
  4.55
  4.55
  4.30
  4.50
  4.50
  4.77
  4.57
  4.51
  4.57
  4.50
  4.31
  4.43
  4.62
  4.42
  4.52
  4.52
  4.55
  4.35
  4.65
  4.57
  4.49
  4.56
  4.50
  4.63
  4.20
  5.23
  4.23
  4.19
  4.80
  4.50
  4.30
  4.52
  4.26
  4.55
  4.50
  4.26
  4.53
  6.08
  4.26
  4.79
  4.77
  5.03
  5.12
  5.51
  4.91
  6.47
  4.33
  6.41
  4.02
  4.76
  5.04
  5.10
  4.98
  4.77
  5.00
  5.03
  4.80
  5.25
  4.77
  5.05
  4.77
  5.25
  5.05
  5.37
  4.96
  5.14
  5.03
  4.88
  4.87
  4.93
  5.12
  5.28
  4.76
  5.32
  4.94
  5.03
  5.06
  4.74
  5.34
  4.75
  5.06
  5.22
  5.04
  5.09
  5.12
  4.87
  5.04
  4.79
  5.28
  5.05
  5.00
  4.77
  5.12
  5.03
  5.20
  5.05
  5.13
  4.80
  5.24
  4.67
  5.04
  5.06
  5.25
  4.80
  5.25
  4.53
  4.51
  4.51
  4.77
  4.31
  4.24
  4.56
  4.27
  4.47
  4.63
  4.44
  4.10
  4.51
  4.71
  5.15
  4.87
  5.04
  5.03
  5.17
  4.63
  4.77
  5.35
  4.67
  5.69
  4.43
  4.39
  5.19
  4.90
  4.98
  4.82
  4.52
  4.52
  4.25
  4.53
  4.51
  4.51
  4.29
  4.51
  4.56
  4.48
  4.03
  4.75
  5.04
  4.77
  5.06
  4.96
  4.94
  4.88
  5.03
  4.55
  4.76
  5.09
  4.95
  4.77
  5.32
  4.49
  5.08
  3.23
  5.57
  4.75
  5.04
  4.75
  4.77
  4.77
  4.51
  4.34
  5.04
  4.70
  4.50
  4.76
  5.04
  4.91
  3.65
  5.06
  4.30
  4.68
  5.19
  4.65
  4.79
  4.26
  4.52
  4.10
  4.43
  4.79
  4.26
  4.64
  4.24
  4.29
  4.42
  4.82
  4.26
  4.53
  4.27
  4.82
  4.99
  4.51
  5.28
  4.73
  4.51
  5.04
  4.79
  4.81
  4.76
  4.98
  4.83
  4.99
  5.00
  4.77
  4.77
  5.01
  4.94
  5.03
  4.96
  4.69
  4.90
  4.79
  4.77
  4.89
  4.99
  4.81
  5.01
  4.76
  4.88
  4.40
  5.14
  4.67
  4.53
  4.79
  4.76
  4.77
  4.82
  4.71
  4.77
  4.76
  4.77
  4.77
  4.29
  4.51
  4.53
  4.50
  4.38
  3.93
  4.51
  4.28
  4.88
  4.40
  4.37
  4.21
  4.70
  4.31
  4.52
  4.49
  4.36
  4.71
  4.27
  4.52
  4.20
  4.34
  4.75
  4.53
  4.52
  4.55
  4.50
  4.57
  4.25
  4.52
  4.29
  4.23
  4.80
  4.57
  4.23
  4.76
  4.08
  4.72
  4.10
  4.57
  4.48
  4.57
  4.23
  4.57
  4.25
  4.47
  4.56
  4.55
  4.48
  4.56
  4.28
  4.26
  4.50
  4.53
  4.53
  4.30
  4.56
  4.98
  5.08
  4.44
  4.79
  5.05
  4.77
  5.00
  4.77
  4.76
  5.05
  4.75
  4.75
  4.77
  5.05
  4.51
  5.01
  4.50
  4.83
  4.73
  5.06
  4.49
  5.03
  4.52
  4.94
  4.65
  5.03
  4.50
  4.76
  4.77
  4.77
  5.03
  4.53
  4.76
  4.79
  4.50
  5.03
  4.52
  4.26
  4.27
  4.85
  4.95
  4.57
  4.79
  4.46
  5.03
  4.79
  4.76
  5.06
  4.77
  4.86
  4.69
  4.79
  4.95
  4.81
  4.76
  5.06
  4.75
  4.52
  4.75
  4.80
  4.76
  4.25
  4.53
  4.52
  5.14
  4.66
  4.77
  4.79
  4.79
  4.76
  5.01
  4.83
  4.74
  5.05
  4.77
  4.75
  4.77
  5.03
  4.55
  5.03
  5.01
  4.28
  5.26
  4.79
  4.75
  4.77
  5.04
  4.77
  4.51
  4.83
  5.01
  4.79
  4.77
  4.77
  4.76
  5.03
  4.79
  4.49
  4.81
  4.74
  4.81
  4.74
  4.76
  4.79
  4.55
  4.50
  4.79
  4.51
  4.02
  4.27
  4.02
  4.52
  4.26
  4.04
  4.50
  4.52
  4.52
  5.04
  4.77
  4.76
  4.79
  4.77
  4.28
  4.26
  4.53
  4.02
  4.53
  4.26
  4.53
  4.27
  4.29
  4.52
  4.25
  4.52
  4.25
  5.03
  4.52
  4.76
  4.76
  4.79
  4.77
  4.76
  4.77
  4.01
  4.52
  5.29
  4.51
  4.76
  3.52
  2.75
  3.27
  4.27
  4.27
  4.79
  4.77
  4.52
  5.01
  4.57
  4.70
  4.80
  4.76
  4.81
  4.71
  4.80
  4.00
  3.51
  5.04
  4.51
  4.81
  4.50
  4.79
  4.77
  4.79
  4.76
  4.77
  4.52
  4.79
  5.00
  4.79
  4.63
  4.67
  5.43
  4.28
  4.76
  4.79
  4.25
  4.51
  4.31
  3.99
  4.53
  4.28
  4.30
  4.23
  4.27
  4.36
  4.42
  4.02
  4.52
  4.27
  4.27
  4.26
  4.53
  4.26
  4.27
  4.52
  4.00
  4.55
  4.51
  4.57
  4.52
  4.76
  4.77
  4.74
  4.91
  4.63
  4.77
  4.28
  4.02
  4.27
  4.13
  4.89
  4.65
  4.67
  4.48
  4.52
  4.50
  4.27
  4.28
  4.52
  4.38
  4.17
  4.26
  4.26
  4.52
  4.02
  4.52
  4.01
  4.27
  4.03
  4.76
  4.27
  4.28
  4.58
  3.96
  4.57
  3.97
  4.27
  4.27
  4.26
  4.07
  4.26
  4.47
  4.28
  4.37
  4.59
  4.02
  4.32
  4.15
  4.34
  4.17
  4.45
  4.13
  4.03
  4.25
  4.28
  4.09
  4.16
  4.29
  4.27
  4.00
  4.28
  4.28
  4.24
  4.26
  5.08
  3.66
  4.47
  4.37
  3.97
  4.29
  4.27
  4.23
  4.01
  4.27
  4.28
  4.61
  3.96
  4.07
  4.22
  4.81
  4.35
  4.40
  4.03
  4.57
  4.22
  4.31
  4.49
  4.03
  4.55
  4.23
  4.52
  4.03
  4.28
  4.24
  4.27
  4.28
  4.24
  4.27
  4.00
  4.28
  4.26
  4.28
  4.25
  4.01
  4.27
  4.27
  4.28
  4.25
  4.03
  4.26
  4.28
  4.26
  4.01
  4.66
  4.63
  5.07
  4.44
  5.46
  4.10
  4.79
  4.81
  4.52
  4.76
  4.79
  4.87
  4.39
  4.28
  4.27
  4.28
  4.27
  4.51
  4.29
  4.00
  4.53
  4.28
  4.49
  4.03
  4.27
  4.50
  4.04
  4.27
  4.28
  4.26
  4.02
  4.27
  4.30
  4.53
  4.76
  4.77
  4.52
  4.95
  4.26
  4.86
  4.51
  4.94
  4.75
  4.27
  4.74
  4.71
  4.79
  4.67
  4.47
  4.95
  4.92
  4.25
  5.03
  4.52
  4.52
  4.76
  4.79
  4.81
  4.73
  4.75
  4.76
  4.26
  4.26
  4.51
  4.56
  4.64
  4.91
  4.27
  4.76
  4.58
  4.70
  4.53
  4.76
  4.58
  4.74
  4.71
  3.30
  4.52
  4.85
  4.69
  4.79
  4.26
  4.79
  4.82
  4.28
  5.03
  4.44
  4.27
  4.81
  4.30
  4.95
  4.56
  4.52
  4.74
  4.57
  4.46
  4.52
  4.57
  4.48
  5.04
  4.25
  4.52
  4.53
  4.80
  4.52
  4.48
  4.50
  4.79
  4.27
  4.76
  4.52
  4.91
  4.76
  4.18
  4.82
  4.74
  4.52
  4.50
  4.29
  4.24
  4.26
  4.04
  4.57
  4.71
  4.58
  4.71
  4.02
  4.57
  4.55
  4.48
  5.43
  4.38
  4.55
  4.25
  4.27
  4.24
  4.29
  4.27
  4.27
  4.02
  4.28
  4.27
  4.52
  4.28
  4.27
  4.26
  4.80
  4.52
  4.76
  4.51
  4.76
  4.53
  4.75
  4.52
  4.76
  4.50
  4.77
  4.53
  4.79
  4.26
  4.77
  4.76
  4.79
  4.52
  4.53
  5.00
  4.52
  4.51
  4.50
  4.02
  4.01
  4.28
  4.04
  4.75
  4.52
  4.76
  4.53
  4.81
  4.75
  4.79
  4.52
  4.46
  4.86
  4.52
  4.70
  4.57
  4.20
  4.03
  4.75
  4.53
  4.53
  4.49
  4.82
  4.76
  4.26
  4.76
  4.49
  4.26
  4.02
  4.28
  4.01
  4.51
  4.06
  4.26
  4.25
  4.28
  4.04
  4.52
  4.02
  4.52
  4.02
  4.03
  4.25
  4.28
  4.52
  4.01
  4.52
  4.02
  4.34
  4.76
  4.46
  4.77
  5.08
  3.84
  6.67
  3.71
  4.41
  4.73
  4.56
  4.73
  4.55
  4.51
  4.04
  4.49
  3.78
  4.28
  4.24
  4.25
  4.06
  4.24
  4.27
  4.31
  4.49
  4.27
  4.03
  4.27
  4.02
  4.27
  4.29
  4.26
  4.51
  4.53
  4.77
  4.50
  4.51
  4.52
  4.52
  4.53
  4.51
  4.76
  4.53
  4.04
  4.28
  4.25
  4.27
  4.27
  4.29
  4.01
  4.27
  3.77
  4.55
  4.01
  4.51
  4.77
  4.53
  4.51
  4.34
  4.99
  4.28
  4.77
  4.47
  4.76
  4.56
  4.50
  4.81
  4.26
  4.73
  4.51
  5.04
  3.76
  3.77
  4.02
  4.51
  4.51
  4.02
  4.03
  4.27
  4.27
  4.31
  3.70
  4.59
  4.01
  4.52
  4.22
  4.26
  4.02
  3.27
  3.52
  3.99
  4.53
  4.26
  4.06
  4.24
  4.03
  4.27
  4.02
  4.53
  4.34
  3.97
  4.33
  3.96
  4.26
  4.29
  3.76
  4.29
  4.49
  3.78
  4.27
  4.29
  4.25
  4.02
  4.02
  4.39
  4.16
  4.74
  3.77
  4.28
  4.26
  4.29
  4.24
  4.04
  4.26
  4.02
  4.03
  4.28
  4.26
  4.01
  4.36
  4.20
  4.04
  4.49
  4.02
  4.27
  4.25
  4.01
  4.29
  4.28
  4.02
  4.25
  4.26
  4.27
  4.55
  4.00
  4.27
  4.28
  4.00
  4.28
  3.99
  4.04
  4.26
  4.04
  4.26
  4.76
  4.26
  4.01
  4.31
  4.77
  4.24
  4.27
  4.01
  4.04
  4.48
  4.30
  4.00
  4.28
  4.27
  4.27
  4.28
  4.25
  4.08
  4.20
  4.29
  4.03
  4.50
  3.77
  4.03
  4.27
  4.27
  4.01
  4.01
  4.26
  4.02
  4.29
  4.24
  4.03
  4.01
  4.27
  4.27
  4.27
  4.25
  4.28
  4.02
  4.26
  4.30
  3.99
  4.28
  4.27
  4.55
  4.00
  4.02
  4.03
  4.25
  4.28
  4.30
  3.99
  4.26
  3.78
  4.25
  4.03
  4.26
  4.79
  4.51
  4.80
  4.76
  4.68
  4.67
  4.95
  4.84
  4.60
  4.63
  4.53
  4.76
  4.53
  4.29
  4.05
  3.70
  4.79
  3.78
  4.55
  4.50
  4.49
  4.08
  4.03
  4.27
  4.51
  4.02
  4.30
  3.99
  4.38
  4.46
  4.51
  4.79
  4.86
  4.70
  4.77
  4.85
  4.67
  4.80
  4.51
  4.04
  4.27
  4.29
  4.26
  4.28
  4.01
  4.27
  3.99
  4.51
  4.02
  4.30
  4.26
  4.03
  4.02
  4.68
  4.35
  4.53
  4.52
  4.24
  4.04
  4.02
  4.26
  4.27
  4.02
  4.28
  3.99
  4.07
  3.97
  4.03
  3.53
  3.27
  4.76
  4.30
  3.99
  3.80
  4.00
  4.25
  4.02
  3.50
  4.31
  3.98
  2.26
  3.53
  4.27
  3.51
  2.25
  3.50
  4.29
  4.00
  4.29
  4.01
  4.34
  3.94
  4.02
  4.26
  4.03
  3.86
  4.18
  4.31
  4.17
  4.62
  4.39
  4.48
  4.62
  5.22
  3.75
  4.52
  4.51
  4.52
  4.77
  4.59
  4.56
  4.42
  4.26
  4.81
  4.18
  3.93
  3.94
  4.29
  4.16
  3.88
  4.53
  4.26
  4.01
  4.33
  4.04
  3.94
  4.27
  4.27
  4.31
  4.22
  4.39
  3.96
  4.23
  4.26
  3.78
  4.49
  4.03
  4.24
  4.27
  4.09
  4.00
  4.23
  4.07
  4.47
  4.02
  4.25
  4.02
  4.27
  4.27
  4.03
  4.27
  4.28
  4.27
  4.26
  4.27
  4.00
  4.34
  4.44
  4.58
  4.21
  4.26
  4.31
  4.23
  4.28
  4.24
  4.36
  3.95
  4.39
  3.91
  4.03
  4.26
  4.01
  4.53
  4.29
  4.00
  3.79
  4.55
  3.73
  4.33
  4.19
  4.28
  4.02
  4.31
  4.23
  3.75
  4.27
  4.02
  4.26
  4.01
  4.27
  4.01
  4.28
  4.31
  3.98
  3.99
  4.29
  4.00
  4.76
  4.80
  4.26
  4.77
  4.50
  4.28
  4.52
  4.62
  4.70
  5.17
  4.42
  4.42
  4.58
  4.79
  4.47
  4.53
  4.76
  4.53
  4.51
  4.55
  4.49
  4.52
  4.53
  5.19
  4.10
  5.01
  4.53
  4.57
  5.29
  4.48
  4.77
  4.75
  5.26
  5.30
  5.28
  4.62
  4.17
  4.07
  3.96
  3.76
  4.30
  4.07
  4.23
  3.52
  4.00
  4.09
  3.78
  4.31
  4.08
  4.07
  4.20
  3.86
  4.05
  3.98
  4.04
  3.78
  4.56
  4.01
  3.72
  4.03
  4.33
  3.69
  4.07
  4.00
  3.74
  4.28
  4.02
  4.03
  3.74
  4.05
  3.76
  3.98
  3.84
  4.25
  4.05
  3.96
  3.74
  3.59
  3.69
  4.33
  3.78
  3.77
  4.00
  4.25
  3.77
  3.54
  3.72
  3.81
  3.73
  4.09
  4.21
  4.28
  4.25
  4.30
  4.74
  4.27
  4.52
  4.51
  4.81
  4.50
  5.04
  4.94
  4.62
  5.25
  5.05
  4.91
  4.99
  5.06
  4.15
  4.77
  4.55
  4.49
  4.79
  4.50
  4.64
  4.16
  4.65
  4.01
  4.65
  4.64
  5.22
  3.93
  4.07
  3.73
  4.03
  3.54
  4.00
  4.24
  3.76
  3.76
  4.29
  4.25
  4.33
  4.01
  4.02
  4.23
  4.26
  4.26
  4.28
  4.06
  4.27
  4.22
  4.03
  4.01
  4.27
  4.52
  3.80
  4.24
  4.27
  4.02
  4.10
  3.94
  4.26
  4.01
  4.03
  5.14
  4.19
  4.72
  4.19
  4.26
  4.76
  4.29
  4.51
  4.82
  4.23
  4.52
  4.82
  4.65
  5.04
  4.69
  4.67
  5.03
  4.51
  4.29
  4.25
  4.04
  4.50
  4.03
  4.25
  4.01
  4.07
  4.27
  3.97
  3.74
  4.03
  4.34
  3.94
  3.27
  4.02
  4.02
  4.27
  4.26
  4.28
  4.27
  4.52
  3.98
  3.81
  4.35
  3.94
  4.29
  3.80
  4.26
  3.99
  4.26
  4.07
  3.98
  4.27
  4.31
  3.50
  4.27
  4.25
  3.78
  3.77
  4.03
  4.26
  3.26
  4.27
  3.78
  4.00
  4.04
  4.00
  4.02
  4.27
  4.02
  4.29
  3.99
  4.26
  4.03
  2.75
  4.02
  4.52
  4.01
  4.33
  4.58
  4.47
  4.77
  4.52
  4.53
  4.35
  4.76
  5.01
  3.41
  4.80
  4.60
  5.03
  4.89
  5.03
  5.29
  5.09
  4.73
  4.81
  4.51
  5.54
  3.69
  4.26
  5.38
  4.98
  5.01
  4.64
  4.63
  4.51
  4.56
  4.27
  4.26
  4.03
  3.99
  4.30
  4.02
  3.47
  4.28
  4.50
  4.01
  4.37
  3.50
  5.01
  4.43
  5.30
  4.77
  5.54
  4.76
  5.01
  4.01
  4.28
  4.02
  3.76
  4.50
  4.03
  4.03
  4.02
  4.02
  4.00
  3.76
  4.02
  4.29
  4.01
  3.76
  4.31
  2.99
  3.79
  4.22
  4.02
  4.27
  4.04
  4.01
  3.75
  4.03
  4.02
  4.27
  2.99
  4.30
  4.26
  3.26
  3.51
  3.86
  3.47
  4.02
  4.00
  3.54
  2.23
  4.06
  4.26
  3.77
  4.26
  4.01
  3.76
  3.80
  3.25
  4.02
  3.52
  3.84
  4.44
  3.01
  4.03
  3.85
  3.94
  4.19
  3.64
  4.00
  4.03
  4.26
  3.25
  3.57
  3.70
  2.76
  4.27
  4.26
  4.36
  3.46
  4.04
  4.00
  4.58
  4.52
  4.51
  3.69
  4.27
  4.29
  4.08
  3.49
  4.29
  3.94
  4.27
  4.27
  4.01
  3.78
  4.26
  4.02
  4.00
  4.29
  3.76
  4.53
  4.50
  4.51
  4.52
  4.27
  4.52
  5.09
  5.04
  4.76
  5.19
  5.57
  4.49
  4.27
  4.03
  4.25
  4.28
  4.26
  4.26
  4.28
  4.26
  4.02
  4.58
  3.49
  3.75
  3.76
  2.76
  4.28
  3.27
  2.75
  2.76
  3.27
  1.75
  3.78
  3.49
  4.26
  4.08
  4.01
  3.76
  3.51
  4.01
  4.04
  3.99
  3.52
  3.77
  4.02
  3.78
  4.03
  4.02
  3.84
  4.21
  3.74
  4.26
  3.53
  4.29
  4.24
  3.51
  3.17
  4.94
  4.67
  5.05
  5.08
  3.19
  3.76
  3.57
  3.97
  2.24
  3.77
  2.75
  4.05
  3.77
  3.76
  4.02
  3.00
  3.79
  3.26
  3.80
  3.73
  4.30
  3.77
  3.99
  3.50
  2.52
  4.00
  3.27
  3.27
  3.00
  2.76
  3.77
  3.52
  3.56
  3.71
  4.07
  3.97
  4.01
  3.53
  4.26
  3.26
  4.03
  3.83
  3.79
  3.68
  4.02
  4.01
  4.03
  4.26
  3.52
  4.77
  5.05
  4.80
  4.77
  4.24
  4.80
  4.71
  5.28
  4.32
  4.79
  4.51
  4.51
  4.57
  4.48
  5.33
  3.78
  3.76
  4.02
  3.75
  4.57
  4.60
  4.63
  4.43
  4.42
  4.74
  4.12
  4.81
  4.37
  4.83
  4.23
  4.00
  4.28
  4.28
  3.75
  4.04
  4.24
  4.04
  3.50
  3.51
  3.79
  4.26
  3.78
  4.00
  4.10
  4.04
  4.19
  3.49
  3.77
  3.26
  4.31
  2.99
  4.12
  4.00
  4.01
  3.95
  4.29
  4.02
  4.26
  3.77
  4.24
  4.04
  4.02
  4.27
  3.51
  3.51
  3.29
  4.01
  4.01
  3.24
  3.02
  3.26
  4.26
  1.76
  4.50
  4.03
  4.36
  3.69
  3.77
  4.29
  4.27
  3.76
  4.27
  3.50
  3.76
  4.27
  4.03
  3.76
  4.26
  4.62
  4.85
  4.85
  4.32
  4.23
  4.82
  4.74
  3.51
  5.03
  4.80
  4.52
  4.53
  4.76
  4.79
  5.03
  4.52
  5.04
  5.28
  3.01
  3.78
  3.30
  3.97
  4.01
  4.03
  3.27
  3.53
  4.27
  4.04
  3.73
  2.99
  4.00
  3.58
  4.22
  2.74
  3.27
  3.27
  3.26
  4.02
  2.75
  3.54
  3.00
  3.28
  3.25
  3.51
  3.52
  3.51
  2.76
  3.52
  3.26
  3.27
  3.01
  3.26
  3.78
  3.77
  2.02
  3.24
  3.26
  3.78
  4.09
  4.00
  4.44
  4.27
  4.26
  4.02
  4.02
  3.75
  3.78
  4.02
  4.00
  4.53
  3.78
  4.00
  4.52
  3.49
  4.04
  3.28
  4.23
  4.03
  4.26
  3.26
  4.28
  4.26
  4.29
  3.27
  3.25
  3.01
  3.53
  3.01
  3.27
  3.25
  4.03
  4.01
  4.30
  4.23
  3.79
  4.02
  3.75
  4.02
  4.27
  3.76
  4.02
  3.77
  3.27
  4.00
  3.52
  3.77
  3.04
  3.99
  3.25
  3.79
  3.74
  3.77
  3.27
  4.01
  4.86
  4.44
  4.26
  4.38
  4.94
  4.01
  4.01
  4.03
  4.26
  4.26
  3.54
  4.25
  4.02
  4.27
  4.04
  4.00
  4.03
  4.30
  4.00
  4.03
  4.26
  3.76
  4.27
  4.03
  4.24
  4.02
  3.79
  3.27
  4.29
  3.30
  3.19
  3.27
  3.75
  4.03
  4.02
  3.53
  3.01
  4.01
  3.26
  2.76
  3.00
  3.27
  3.51
  3.26
  3.26
  3.01
  3.51
  3.26
  3.76
  4.27
  3.76
  4.33
  3.98
  4.31
  4.34
  3.94
  4.63
  4.26
  4.67
  4.79
  4.52
  4.25
  4.27
  4.02
  4.02
  4.27
  4.27
  4.02
  4.26
  4.02
  3.78
  4.00
  4.26
  4.28
  3.75
  4.28
  3.78
  4.00
  4.03
  4.50
  4.28
  4.26
  4.02
  4.29
  4.02
  4.75
  4.77
  4.53
  4.51
  4.27
  4.77
  4.26
  5.01
  4.51
  4.56
  4.52
  4.01
  4.27
  4.26
  4.05
  4.73
  4.02
  4.02
  4.00
  3.51
  3.77
  4.02
  4.24
  3.02
  3.74
  3.03
  3.27
  2.99
  3.28
  4.00
  3.51
  3.02
  4.26
  4.27
  3.50
  4.02
  3.25
  4.02
  3.81
  3.23
  2.76
  4.52
  3.78
  4.27
  3.50
  4.29
  4.27
  3.51
  3.77
  4.28
  4.03
  3.76
  4.27
  3.78
  4.25
  4.06
  3.48
  3.78
  4.38
  4.15
  3.26
  3.02
  3.49
  3.53
  2.76
  3.26
  4.27
  4.01
  4.01
  3.76
  4.02
  4.02
  4.03
  4.29
  3.78
  3.98
  4.02
  4.00
  4.03
  4.26
  3.78
  4.29
  3.98
  4.27
  3.27
  3.74
  3.27
  3.77
  3.27
  3.77
  3.26
  3.77
  3.51
  3.26
  3.27
  3.02
  4.26
  4.01
  4.52
  5.25
  4.87
  4.22
  4.75
  4.58
  4.20
  5.04
  4.25
  4.55
  4.79
  4.50
  4.28
  4.01
  4.60
  4.71
  4.50
  4.76
  4.52
  4.77
  5.04
  4.75
  4.27
  5.01
  4.55
  4.26
  4.01
  4.79
  4.77
  4.52
  4.26
  4.77
  4.02
  4.02
  4.27
  4.17
  4.71
  4.67
  4.80
  4.58
  4.44
  4.73
  4.79
  4.52
  4.56
  4.51
  4.25
  4.03
  4.03
  4.52
  3.84
  4.53
  4.79
  4.67
  4.36
  4.53
  4.70
  4.85
  4.46
  4.59
  4.90
  4.75
  5.09
  4.73
  5.06
  3.27
  4.50
  4.52
  4.25
  4.25
  3.27
  4.29
  4.50
  4.27
  3.50
  4.55
  4.02
  4.24
  3.77
  4.28
  4.77
  4.76
  4.27
  4.52
  5.05
  4.74
  4.38
  4.25
  4.03
  5.16
  4.27
  4.90
  4.40
  3.77
  4.30
  3.24
  3.77
  3.25
  4.02
  4.28
  4.02
  3.79
  3.99
  4.53
  3.52
  4.26
  3.50
  4.27
  3.27
  4.02
  4.08
  4.46
  4.77
  4.28
  4.26
  4.18
  4.13
  3.77
  4.01
  4.03
  4.04
  3.73
  4.27
  3.51
  4.28
  3.27
  3.25
  4.02
  4.12
  3.95
  3.74
  4.01
  4.28
  3.02
  3.77
  3.02
  3.76
  4.01
  3.52
  3.26
  3.85
  4.43
  4.25
  4.29
  4.02
  4.00
  4.03
  4.25
  4.27
  4.27
  4.01
  5.01
  2.97
  5.03
  3.22
  4.65
  4.26
  4.52
  5.03
  4.80
  4.02
  4.05
  4.23
  3.27
  4.06
  4.24
  5.03
  4.30
  3.99
  4.53
  4.02
  4.27
  3.78
  4.27
  4.02
  4.29
  4.27
  4.01
  4.04
  4.27
  4.77
  4.51
  4.79
  4.51
  4.52
  4.51
  4.28
  4.24
  4.52
  4.52
  4.27
  4.00
  4.03
  4.00
  3.09
  4.27
  4.67
  4.55
  4.25
  4.01
  4.29
  4.56
  4.51
  5.01
  4.52
  3.77
  4.22
  4.81
  4.26
  4.51
  4.23
  4.55
  4.02
  4.02
  3.76
  3.54
  3.23
  3.27
  3.26
  4.03
  4.02
  4.03
  3.77
  3.50
  3.51
  3.27
  3.01
  3.76
  4.03
  4.30
  4.26
  4.02
  4.29
  3.52
  4.25
  4.02
  4.01
  4.29
  4.02
  4.00
  4.03
  4.03
  4.25
  3.78
  4.02
  4.27
  4.01
  4.03
  4.02
  4.28
  4.02
  4.27
  4.29
  3.76
  4.04
  4.01
  3.51
  2.76
  3.27
  3.02
  3.77
  3.01
  3.61
  3.42
  3.77
  4.01
  3.27
  3.89
  3.89
  3.27
  3.54
  3.01
  3.29
  3.23
  3.32
  3.69
  2.51
  3.52
  4.01
  3.52
  3.79
  4.11
  4.20
  4.23
  3.77
  4.76
  4.26
  4.28
  4.02
  3.77
  4.28
  4.02
  3.50
  4.02
  4.02
  4.02
  4.28
  3.89
  4.53
  3.73
  3.93
  4.17
  3.15
  3.51
  4.65
  2.93
  3.27
  3.28
  3.75
  3.30
  3.47
  3.27
  3.00
  3.02
  3.01
  3.53
  3.27
  4.28
  3.80
  3.73
  3.86
  3.43
  3.52
  3.27
  3.50
  3.03
  2.75
  3.88
  2.68
  2.76
  4.05
  2.49
  3.77
  3.25
  2.51
  3.04
  3.72
  3.86
  3.75
  3.95
  4.11
  3.51
  4.16
  3.76
  4.07
  4.46
  3.27
  4.57
  4.46
  3.26
  4.01
  3.27
  3.51
  2.51
  3.77
  3.27
  4.01
  2.76
  3.27
  3.77
  3.01
  2.51
  4.04
  4.01
  4.25
  3.77
  4.03
  4.01
  4.27
  4.27
  4.38
  4.89
  4.51
  4.26
  3.75
  3.77
  4.02
  4.01
  3.78
  4.01
  3.76
  4.04
  4.80
  4.56
  4.96
  3.77
  3.77
  3.52
  4.25
  3.53
  3.52
  3.75
  3.27
  3.27
  3.52
  3.26
  2.76
  3.00
  3.54
  3.01
  2.76
  3.26
  2.75
  3.51
  2.76
  3.52
  2.77
  3.00
  3.52
  3.02
  3.02
  4.00
  2.52
  3.24
  3.78
  2.51
  4.28
  3.50
  3.28
  3.25
  3.52
  2.76
  3.25
  2.76
  3.76
  3.52
  3.26
  3.52
  2.50
  3.52
  3.26
  3.02
  3.01
  4.27
  3.52
  4.02
  4.27
  4.02
  3.76
  3.78
  4.26
  4.00
  4.03
  4.03
  4.03
  2.75
  4.04
  4.01
  4.01
  3.80
  4.52
  4.02
  4.01
  4.00
  4.01
  3.77
  2.76
  4.26
  3.78
  4.27
  3.52
  4.07
  4.21
  4.02
  2.56
  4.26
  3.75
  3.75
  3.78
  3.75
  4.02
  4.02
  3.81
  4.28
  3.72
  4.12
  4.16
  4.16
  4.14
  4.06
  4.23
  4.04
  3.26
  3.75
  4.07
  3.96
  3.78
  4.28
  4.00
  4.17
  4.14
  3.75
  3.79
  4.10
  3.96
  4.01
  2.77
  4.01
  3.00
  3.52
  3.50
  3.76
  3.03
  4.00
  3.04
  3.25
  3.52
  3.50
  3.27
  3.25
  4.29
  3.37
  3.92
  3.85
  3.96
  4.00
  4.23
  4.10
  3.74
  3.97
  3.51
  4.03
  3.77
  3.98
  4.04
  2.78
  4.01
  3.53
  3.75
  2.75
  2.76
  2.51
  3.02
  3.77
  4.27
  4.03
  4.02
  3.78
  3.99
  3.54
  4.01
  5.09
  3.97
  4.01
  3.77
  3.78
  2.99
  3.27
  3.26
  3.52
  3.78
  2.51
  3.51
  2.26
  3.78
  4.37
  4.67
  3.76
  4.29
  3.98
  3.78
  4.03
  3.75
  4.03
  4.02
  4.02
  4.27
  3.53
  3.75
  4.03
  4.27
  4.02
  4.27
  3.77
  4.27
  3.77
  4.27
  3.26
  4.13
  3.41
  4.26
  3.80
  2.74
  3.02
  3.50
  3.54
  2.74
  3.51
  3.60
  2.75
  2.94
  4.04
  4.00
  4.52
  4.00
  3.76
  4.04
  4.02
  3.51
  3.77
  4.01
  4.04
  3.78
  3.77
  3.99
  4.02
  4.01
  3.25
  4.35
  4.00
  3.51
  4.19
  3.37
  4.52
  4.80
  4.50
  3.76
  3.76
  3.54
  3.77
  3.75
  3.77
  3.28
  4.26
  2.51
  3.76
  4.26
  3.78
  4.27
  3.53
  4.01
  4.02
  4.29
  4.76
  4.51
  4.03
  4.50
  4.77
  4.51
  4.57
  4.63
  3.92
  4.37
  4.77
  4.40
  4.79
  4.26
  4.50
  3.87
  3.41
  3.51
  4.05
  5.78
  3.32
  3.93
  4.27
  3.76
  4.16
  4.02
